{"/home/h3lmut/bootcamp/note-taker/lib/errors.js": {"path":"/home/h3lmut/bootcamp/note-taker/lib/errors.js","statementMap":{"0":{"start":{"line":3,"column":4},"end":{"line":18,"column":5}},"1":{"start":{"line":4,"column":6},"end":{"line":17,"column":7}},"2":{"start":{"line":6,"column":10},"end":{"line":6,"column":57}},"3":{"start":{"line":7,"column":10},"end":{"line":7,"column":16}},"4":{"start":{"line":10,"column":10},"end":{"line":10,"column":55}},"5":{"start":{"line":11,"column":10},"end":{"line":11,"column":16}},"6":{"start":{"line":14,"column":10},"end":{"line":14,"column":58}},"7":{"start":{"line":15,"column":10},"end":{"line":15,"column":16}},"8":{"start":{"line":19,"column":4},"end":{"line":19,"column":30}},"9":{"start":{"line":20,"column":4},"end":{"line":20,"column":75}},"10":{"start":{"line":20,"column":33},"end":{"line":20,"column":75}},"11":{"start":{"line":21,"column":4},"end":{"line":21,"column":21}},"12":{"start":{"line":22,"column":4},"end":{"line":22,"column":27}},"13":{"start":{"line":26,"column":0},"end":{"line":26,"column":30}}},"fnMap":{"0":{"name":"(anonymous_0)","decl":{"start":{"line":2,"column":2},"end":{"line":2,"column":3}},"loc":{"start":{"line":2,"column":59},"end":{"line":23,"column":3}},"line":2}},"branchMap":{"0":{"loc":{"start":{"line":2,"column":14},"end":{"line":2,"column":23}},"type":"default-arg","locations":[{"start":{"line":2,"column":21},"end":{"line":2,"column":23}}],"line":2},"1":{"loc":{"start":{"line":2,"column":25},"end":{"line":2,"column":37}},"type":"default-arg","locations":[{"start":{"line":2,"column":35},"end":{"line":2,"column":37}}],"line":2},"2":{"loc":{"start":{"line":3,"column":4},"end":{"line":18,"column":5}},"type":"if","locations":[{"start":{"line":3,"column":4},"end":{"line":18,"column":5}},{"start":{"line":3,"column":4},"end":{"line":18,"column":5}}],"line":3},"3":{"loc":{"start":{"line":3,"column":8},"end":{"line":3,"column":24}},"type":"binary-expr","locations":[{"start":{"line":3,"column":8},"end":{"line":3,"column":16}},{"start":{"line":3,"column":20},"end":{"line":3,"column":24}}],"line":3},"4":{"loc":{"start":{"line":4,"column":6},"end":{"line":17,"column":7}},"type":"switch","locations":[{"start":{"line":5,"column":8},"end":{"line":8,"column":9}},{"start":{"line":9,"column":8},"end":{"line":12,"column":9}},{"start":{"line":13,"column":8},"end":{"line":16,"column":9}}],"line":4},"5":{"loc":{"start":{"line":20,"column":4},"end":{"line":20,"column":75}},"type":"if","locations":[{"start":{"line":20,"column":4},"end":{"line":20,"column":75}},{"start":{"line":20,"column":4},"end":{"line":20,"column":75}}],"line":20}},"s":{"0":9,"1":9,"2":5,"3":5,"4":1,"5":1,"6":3,"7":3,"8":9,"9":9,"10":9,"11":9,"12":9,"13":1},"f":{"0":9},"b":{"0":[0],"1":[0],"2":[9,0],"3":[9,9],"4":[5,1,3],"5":[9,0]},"_coverageSchema":"1a1c01bbd47fc00a2c39e90264f33305004495a9","hash":"f7c92efbf7f164e6d9287f9218619eb628462814"}
,"/home/h3lmut/bootcamp/note-taker/lib/notes.js": {"path":"/home/h3lmut/bootcamp/note-taker/lib/notes.js","statementMap":{"0":{"start":{"line":1,"column":42},"end":{"line":1,"column":57}},"1":{"start":{"line":4,"column":21},"end":{"line":4,"column":40}},"2":{"start":{"line":6,"column":25},"end":{"line":6,"column":64}},"3":{"start":{"line":6,"column":34},"end":{"line":6,"column":64}},"4":{"start":{"line":7,"column":16},"end":{"line":7,"column":109}},"5":{"start":{"line":7,"column":26},"end":{"line":7,"column":109}},"6":{"start":{"line":11,"column":4},"end":{"line":11,"column":22}},"7":{"start":{"line":14,"column":4},"end":{"line":14,"column":37}},"8":{"start":{"line":14,"column":13},"end":{"line":14,"column":37}},"9":{"start":{"line":15,"column":17},"end":{"line":15,"column":64}},"10":{"start":{"line":15,"column":49},"end":{"line":15,"column":63}},"11":{"start":{"line":16,"column":4},"end":{"line":17,"column":54}},"12":{"start":{"line":16,"column":14},"end":{"line":16,"column":26}},"13":{"start":{"line":17,"column":9},"end":{"line":17,"column":54}},"14":{"start":{"line":20,"column":4},"end":{"line":20,"column":21}},"15":{"start":{"line":21,"column":4},"end":{"line":21,"column":77}},"16":{"start":{"line":21,"column":24},"end":{"line":21,"column":77}},"17":{"start":{"line":22,"column":4},"end":{"line":22,"column":32}},"18":{"start":{"line":23,"column":18},"end":{"line":23,"column":41}},"19":{"start":{"line":24,"column":4},"end":{"line":24,"column":63}},"20":{"start":{"line":24,"column":15},"end":{"line":24,"column":63}},"21":{"start":{"line":25,"column":4},"end":{"line":25,"column":16}},"22":{"start":{"line":28,"column":18},"end":{"line":28,"column":75}},"23":{"start":{"line":28,"column":55},"end":{"line":28,"column":74}},"24":{"start":{"line":29,"column":4},"end":{"line":29,"column":64}},"25":{"start":{"line":29,"column":19},"end":{"line":29,"column":64}},"26":{"start":{"line":30,"column":4},"end":{"line":30,"column":77}},"27":{"start":{"line":30,"column":24},"end":{"line":30,"column":77}},"28":{"start":{"line":31,"column":4},"end":{"line":31,"column":44}},"29":{"start":{"line":32,"column":18},"end":{"line":32,"column":41}},"30":{"start":{"line":33,"column":4},"end":{"line":33,"column":63}},"31":{"start":{"line":33,"column":15},"end":{"line":33,"column":63}},"32":{"start":{"line":34,"column":4},"end":{"line":34,"column":16}},"33":{"start":{"line":37,"column":18},"end":{"line":37,"column":70}},"34":{"start":{"line":37,"column":55},"end":{"line":37,"column":69}},"35":{"start":{"line":38,"column":4},"end":{"line":38,"column":64}},"36":{"start":{"line":38,"column":19},"end":{"line":38,"column":64}},"37":{"start":{"line":39,"column":4},"end":{"line":39,"column":38}},"38":{"start":{"line":40,"column":18},"end":{"line":40,"column":41}},"39":{"start":{"line":41,"column":4},"end":{"line":41,"column":63}},"40":{"start":{"line":41,"column":15},"end":{"line":41,"column":63}},"41":{"start":{"line":42,"column":4},"end":{"line":42,"column":16}},"42":{"start":{"line":46,"column":0},"end":{"line":46,"column":23}}},"fnMap":{"0":{"name":"(anonymous_0)","decl":{"start":{"line":6,"column":25},"end":{"line":6,"column":26}},"loc":{"start":{"line":6,"column":34},"end":{"line":6,"column":64}},"line":6},"1":{"name":"(anonymous_1)","decl":{"start":{"line":7,"column":16},"end":{"line":7,"column":17}},"loc":{"start":{"line":7,"column":26},"end":{"line":7,"column":109}},"line":7},"2":{"name":"(anonymous_2)","decl":{"start":{"line":10,"column":2},"end":{"line":10,"column":3}},"loc":{"start":{"line":10,"column":20},"end":{"line":12,"column":3}},"line":10},"3":{"name":"(anonymous_3)","decl":{"start":{"line":13,"column":2},"end":{"line":13,"column":3}},"loc":{"start":{"line":13,"column":17},"end":{"line":18,"column":3}},"line":13},"4":{"name":"(anonymous_4)","decl":{"start":{"line":15,"column":39},"end":{"line":15,"column":40}},"loc":{"start":{"line":15,"column":49},"end":{"line":15,"column":63}},"line":15},"5":{"name":"(anonymous_5)","decl":{"start":{"line":19,"column":2},"end":{"line":19,"column":3}},"loc":{"start":{"line":19,"column":26},"end":{"line":26,"column":3}},"line":19},"6":{"name":"(anonymous_6)","decl":{"start":{"line":27,"column":2},"end":{"line":27,"column":3}},"loc":{"start":{"line":27,"column":21},"end":{"line":35,"column":3}},"line":27},"7":{"name":"(anonymous_7)","decl":{"start":{"line":28,"column":45},"end":{"line":28,"column":46}},"loc":{"start":{"line":28,"column":55},"end":{"line":28,"column":74}},"line":28},"8":{"name":"(anonymous_8)","decl":{"start":{"line":36,"column":2},"end":{"line":36,"column":3}},"loc":{"start":{"line":36,"column":19},"end":{"line":43,"column":3}},"line":36},"9":{"name":"(anonymous_9)","decl":{"start":{"line":37,"column":45},"end":{"line":37,"column":46}},"loc":{"start":{"line":37,"column":55},"end":{"line":37,"column":69}},"line":37}},"branchMap":{"0":{"loc":{"start":{"line":6,"column":34},"end":{"line":6,"column":64}},"type":"binary-expr","locations":[{"start":{"line":6,"column":34},"end":{"line":6,"column":37}},{"start":{"line":6,"column":41},"end":{"line":6,"column":64}}],"line":6},"1":{"loc":{"start":{"line":7,"column":26},"end":{"line":7,"column":109}},"type":"binary-expr","locations":[{"start":{"line":7,"column":26},"end":{"line":7,"column":54}},{"start":{"line":7,"column":58},"end":{"line":7,"column":85}},{"start":{"line":7,"column":89},"end":{"line":7,"column":109}}],"line":7},"2":{"loc":{"start":{"line":14,"column":4},"end":{"line":14,"column":37}},"type":"if","locations":[{"start":{"line":14,"column":4},"end":{"line":14,"column":37}},{"start":{"line":14,"column":4},"end":{"line":14,"column":37}}],"line":14},"3":{"loc":{"start":{"line":16,"column":4},"end":{"line":17,"column":54}},"type":"if","locations":[{"start":{"line":16,"column":4},"end":{"line":17,"column":54}},{"start":{"line":16,"column":4},"end":{"line":17,"column":54}}],"line":16},"4":{"loc":{"start":{"line":19,"column":15},"end":{"line":19,"column":24}},"type":"default-arg","locations":[{"start":{"line":19,"column":22},"end":{"line":19,"column":24}}],"line":19},"5":{"loc":{"start":{"line":21,"column":4},"end":{"line":21,"column":77}},"type":"if","locations":[{"start":{"line":21,"column":4},"end":{"line":21,"column":77}},{"start":{"line":21,"column":4},"end":{"line":21,"column":77}}],"line":21},"6":{"loc":{"start":{"line":24,"column":4},"end":{"line":24,"column":63}},"type":"if","locations":[{"start":{"line":24,"column":4},"end":{"line":24,"column":63}},{"start":{"line":24,"column":4},"end":{"line":24,"column":63}}],"line":24},"7":{"loc":{"start":{"line":29,"column":4},"end":{"line":29,"column":64}},"type":"if","locations":[{"start":{"line":29,"column":4},"end":{"line":29,"column":64}},{"start":{"line":29,"column":4},"end":{"line":29,"column":64}}],"line":29},"8":{"loc":{"start":{"line":30,"column":4},"end":{"line":30,"column":77}},"type":"if","locations":[{"start":{"line":30,"column":4},"end":{"line":30,"column":77}},{"start":{"line":30,"column":4},"end":{"line":30,"column":77}}],"line":30},"9":{"loc":{"start":{"line":33,"column":4},"end":{"line":33,"column":63}},"type":"if","locations":[{"start":{"line":33,"column":4},"end":{"line":33,"column":63}},{"start":{"line":33,"column":4},"end":{"line":33,"column":63}}],"line":33},"10":{"loc":{"start":{"line":38,"column":4},"end":{"line":38,"column":64}},"type":"if","locations":[{"start":{"line":38,"column":4},"end":{"line":38,"column":64}},{"start":{"line":38,"column":4},"end":{"line":38,"column":64}}],"line":38},"11":{"loc":{"start":{"line":41,"column":4},"end":{"line":41,"column":63}},"type":"if","locations":[{"start":{"line":41,"column":4},"end":{"line":41,"column":63}},{"start":{"line":41,"column":4},"end":{"line":41,"column":63}}],"line":41}},"s":{"0":1,"1":1,"2":1,"3":17,"4":1,"5":9,"6":1,"7":5,"8":1,"9":4,"10":7,"11":4,"12":2,"13":2,"14":6,"15":6,"16":1,"17":5,"18":5,"19":5,"20":1,"21":4,"22":5,"23":9,"24":5,"25":2,"26":3,"27":0,"28":3,"29":3,"30":3,"31":1,"32":2,"33":4,"34":6,"35":4,"36":1,"37":3,"38":3,"39":3,"40":1,"41":2,"42":1},"f":{"0":17,"1":9,"2":1,"3":5,"4":7,"5":6,"6":5,"7":9,"8":4,"9":6},"b":{"0":[17,16],"1":[9,8,8],"2":[1,4],"3":[2,2],"4":[1],"5":[1,5],"6":[1,4],"7":[2,3],"8":[0,3],"9":[1,2],"10":[1,3],"11":[1,2]},"_coverageSchema":"1a1c01bbd47fc00a2c39e90264f33305004495a9","hash":"f07cd58b43a585159cadc7a6359364144cb10ad4"}
}
