TN:
SF:lib/errors.js
FN:2,(anonymous_0)
FNF:1
FNH:1
FNDA:9,(anonymous_0)
DA:3,9
DA:4,9
DA:6,5
DA:7,5
DA:10,1
DA:11,1
DA:14,3
DA:15,3
DA:19,9
DA:20,9
DA:21,9
DA:22,9
DA:26,1
LF:13
LH:13
BRDA:2,0,0,0
BRDA:2,1,0,0
BRDA:3,2,0,9
BRDA:3,2,1,0
BRDA:3,3,0,9
BRDA:3,3,1,9
BRDA:4,4,0,5
BRDA:4,4,1,1
BRDA:4,4,2,3
BRDA:20,5,0,9
BRDA:20,5,1,0
BRF:11
BRH:7
end_of_record
TN:
SF:lib/notes.js
FN:6,(anonymous_0)
FN:7,(anonymous_1)
FN:10,(anonymous_2)
FN:13,(anonymous_3)
FN:15,(anonymous_4)
FN:19,(anonymous_5)
FN:27,(anonymous_6)
FN:28,(anonymous_7)
FN:36,(anonymous_8)
FN:37,(anonymous_9)
FNF:10
FNH:10
FNDA:17,(anonymous_0)
FNDA:9,(anonymous_1)
FNDA:1,(anonymous_2)
FNDA:5,(anonymous_3)
FNDA:7,(anonymous_4)
FNDA:6,(anonymous_5)
FNDA:5,(anonymous_6)
FNDA:9,(anonymous_7)
FNDA:4,(anonymous_8)
FNDA:6,(anonymous_9)
DA:1,1
DA:4,1
DA:6,17
DA:7,9
DA:11,1
DA:14,5
DA:15,7
DA:16,4
DA:17,2
DA:20,6
DA:21,6
DA:22,5
DA:23,5
DA:24,5
DA:25,4
DA:28,9
DA:29,5
DA:30,3
DA:31,3
DA:32,3
DA:33,3
DA:34,2
DA:37,6
DA:38,4
DA:39,3
DA:40,3
DA:41,3
DA:42,2
DA:46,1
LF:29
LH:29
BRDA:6,0,0,17
BRDA:6,0,1,16
BRDA:7,1,0,9
BRDA:7,1,1,8
BRDA:7,1,2,8
BRDA:14,2,0,1
BRDA:14,2,1,4
BRDA:16,3,0,2
BRDA:16,3,1,2
BRDA:19,4,0,1
BRDA:21,5,0,1
BRDA:21,5,1,5
BRDA:24,6,0,1
BRDA:24,6,1,4
BRDA:29,7,0,2
BRDA:29,7,1,3
BRDA:30,8,0,0
BRDA:30,8,1,3
BRDA:33,9,0,1
BRDA:33,9,1,2
BRDA:38,10,0,1
BRDA:38,10,1,3
BRDA:41,11,0,1
BRDA:41,11,1,2
BRF:24
BRH:23
end_of_record
